#
# A fatal error has been detected by the Java Runtime Environment:
#
#  EXCEPTION_ACCESS_VIOLATION (0xc0000005) at pc=0x000000018000bc29, pid=14708, tid=6720
#
# JRE version: Java(TM) SE Runtime Environment (22.0.2+9) (build 22.0.2+9-70)
# Java VM: Java HotSpot(TM) 64-Bit Server VM (22.0.2+9-70, mixed mode, sharing, tiered, compressed oops, compressed class ptrs, g1 gc, windows-amd64)
# Problematic frame:
# C  [EasyRedirect64.dll+0xbc29]
#
# No core dump will be written. Minidumps are not enabled by default on client versions of Windows
#
# If you would like to submit a bug report, please visit:
#   https://bugreport.java.com/bugreport/crash.jsp
# The crash happened outside the Java Virtual Machine in native code.
# See problematic frame for where to report the bug.
#

---------------  S U M M A R Y ------------

Command Line: -Dgoogle.cloud_firestore.debug_log_level=FINE -Duser.language=en C:\Users\user\.cache\firebase\emulators\cloud-firestore-emulator-v1.19.7.jar --host 127.0.0.1 --port 8080 --websocket_port 9150 --project_id react-emulator-spa --rules C:\Users\user\OneDrive\Desktop\task\my-notification-app\firestore.rules --single_project_mode true

Host: 11th Gen Intel(R) Core(TM) i5-1135G7 @ 2.40GHz, 8 cores, 7G,  Windows 11 , 64 bit Build 22621 (10.0.22621.3672)
Time: Fri Aug  2 18:25:02 2024 India Standard Time elapsed time: 0.687045 seconds (0d 0h 0m 0s)

---------------  T H R E A D  ---------------

Current thread (0x00000263cd0c18b0):  JavaThread "main"             [_thread_in_native, id=6720, stack(0x00000078c2600000,0x00000078c2700000) (1024K)]

Stack: [0x00000078c2600000,0x00000078c2700000],  sp=0x00000078c26fe680,  free space=1017k
Native frames: (J=compiled Java code, j=interpreted, Vv=VM code, C=native code)
C  [EasyRedirect64.dll+0xbc29]  (no source info available)
C  [EasyRedirect64.dll+0x1e949]  (no source info available)
C  [EasyRedirect64.dll+0xbdc6]  (no source info available)
C  [nio.dll+0x7806]  (no source info available)
C  [nio.dll+0x82cf]  (no source info available)
C  [nio.dll+0x8379]  (no source info available)
C  [nio.dll+0x87a7]  (no source info available)
C  [nio.dll+0x7a95]  (no source info available)
C  [nio.dll+0x4e46]  (no source info available)
C  0x00000263dc94d0c7  (no source info available)

The last pc belongs to native method entry point (kind = native) (printed below).
Java frames: (J=compiled Java code, j=interpreted, Vv=VM code)
j  sun.nio.ch.WEPoll.ctl(JIJI)I+0 java.base@22.0.2
j  sun.nio.ch.WEPollSelectorImpl.<init>(Ljava/nio/channels/spi/SelectorProvider;)V+139 java.base@22.0.2
j  sun.nio.ch.WEPollSelectorProvider.openSelector()Ljava/nio/channels/spi/AbstractSelector;+5 java.base@22.0.2
j  io.netty.channel.nio.NioEventLoop.openSelector()Lio/netty/channel/nio/NioEventLoop$SelectorTuple;+4
j  io.netty.channel.nio.NioEventLoop.<init>(Lio/netty/channel/nio/NioEventLoopGroup;Ljava/util/concurrent/Executor;Ljava/nio/channels/spi/SelectorProvider;Lio/netty/channel/SelectStrategy;Lio/netty/util/concurrent/RejectedExecutionHandler;Lio/netty/channel/EventLoopTaskQueueFactory;Lio/netty/channel/EventLoopTaskQueueFactory;)V+79
j  io.netty.channel.nio.NioEventLoopGroup.newChild(Ljava/util/concurrent/Executor;[Ljava/lang/Object;)Lio/netty/channel/EventLoop;+81
j  io.netty.channel.nio.NioEventLoopGroup.newChild(Ljava/util/concurrent/Executor;[Ljava/lang/Object;)Lio/netty/util/concurrent/EventExecutor;+3
j  io.netty.util.concurrent.MultithreadEventExecutorGroup.<init>(ILjava/util/concurrent/Executor;Lio/netty/util/concurrent/EventExecutorChooserFactory;[Ljava/lang/Object;)V+82
j  io.netty.util.concurrent.MultithreadEventExecutorGroup.<init>(ILjava/util/concurrent/Executor;[Ljava/lang/Object;)V+7
j  io.netty.channel.MultithreadEventLoopGroup.<init>(ILjava/util/concurrent/Executor;[Ljava/lang/Object;)V+14
j  io.netty.channel.nio.NioEventLoopGroup.<init>(ILjava/util/concurrent/Executor;Ljava/nio/channels/spi/SelectorProvider;Lio/netty/channel/SelectStrategyFactory;)V+22
j  io.netty.channel.nio.NioEventLoopGroup.<init>(ILjava/util/concurrent/Executor;Ljava/nio/channels/spi/SelectorProvider;)V+7
j  io.netty.channel.nio.NioEventLoopGroup.<init>(ILjava/util/concurrent/Executor;)V+6
j  io.netty.channel.nio.NioEventLoopGroup.<init>(I)V+6
j  com.google.cloud.datastore.emulator.firestore.websocket.WebSocketServer.<init>(Ljava/lang/String;ILcom/google/common/time/TimeSource;)V+32
j  com.google.cloud.datastore.emulator.firestore.CloudFirestore.init()V+213
j  com.google.cloud.datastore.emulator.firestore.CloudFirestore.startLocally(Lcom/google/cloud/datastore/emulator/firestore/CloudFirestoreEmulatorOption;)Lcom/google/cloud/datastore/emulator/firestore/CloudFirestore;+10
j  com.google.cloud.datastore.emulator.firestore.CloudFirestore.main([Ljava/lang/String;)V+17
v  ~StubRoutines::call_stub 0x00000263dc94100d

siginfo: EXCEPTION_ACCESS_VIOLATION (0xc0000005), reading address 0x0000000000000626


Registers:
RAX=0x0000000000000000, RBX=0x00000263c5bd5318, RCX=0x0000000000000638, RDX=0x0000000000000002
RSP=0x00000078c26fe680, RBP=0x00000000000005e0, RSI=0x00000263c5c5bd50, RDI=0x00000000000005e0
R8 =0x0000000000000000, R9 =0x0000000000000638, R10=0x000000000000001f, R11=0x00000263cd0bf480
R12=0x00000078c26fe8b0, R13=0x0000000000000668, R14=0x00000263c5c5bd20, R15=0x0000000000000668
RIP=0x000000018000bc29, EFLAGS=0x0000000000010246


Register to memory mapping:

RAX=0x0 is null
RBX=0x00000263c5bd5318 points into unknown readable memory: 0x0000000000000000 | 00 00 00 00 00 00 00 00
RCX=0x0000000000000638 is an unknown value
RDX=0x0000000000000002 is an unknown value
RSP=0x00000078c26fe680 is pointing into the stack for thread: 0x00000263cd0c18b0
RBP=0x00000000000005e0 is an unknown value
RSI=0x00000263c5c5bd50 points into unknown readable memory: 0x00000263c5c5bd50 | 50 bd c5 c5 63 02 00 00
RDI=0x00000000000005e0 is an unknown value
R8 =0x0 is null
R9 =0x0000000000000638 is an unknown value
R10=0x000000000000001f is an unknown value
R11=0x00000263cd0bf480 points into unknown readable memory: 0x00000000000007d0 | d0 07 00 00 00 00 00 00
R12=0x00000078c26fe8b0 is pointing into the stack for thread: 0x00000263cd0c18b0
R13=0x0000000000000668 is an unknown value
R14=0x00000263c5c5bd20 points into unknown readable memory: 0x00000000000005e0 | e0 05 00 00 00 00 00 00
R15=0x0000000000000668 is an unknown value

Top of Stack: (sp=0x00000078c26fe680)
0x00000078c26fe680:   0000e4aeccaa2a46 00000001ffffffff
0x00000078c26fe690:   00000078c26fe6f8 000000018001e949
0x00000078c26fe6a0:   0000000180064ea0 0000000000002736
0x00000078c26fe6b0:   0000000000000638 00000263c5c5bd50
0x00000078c26fe6c0:   00000000000005e0 000000018000bdc6
0x00000078c26fe6d0:   00000263c5bd5318 00000263c5bd5318
0x00000078c26fe6e0:   0000000000000000 00000000000005e0
0x00000078c26fe6f0:   0000000000000000 0000000000002736
0x00000078c26fe700:   0000000000000000 0000000000000000
0x00000078c26fe710:   00000000000005e0 00007ff9d8e97806
0x00000078c26fe720:   0000000000000638 0000000000000502
0x00000078c26fe730:   00000263c5c5bd50 0000000000000400
0x00000078c26fe740:   0000000000000000 0000026300000000
0x00000078c26fe750:   0000000000000003 0000007800000001
0x00000078c26fe760:   0000026300000000 0000000000000000
0x00000078c26fe770:   0000000000000000 00007ff9f0241966
0x00000078c26fe780:   0000000000000638 0000000000000000
0x00000078c26fe790:   0000000000000000 0000d2c1d38ace36
0x00000078c26fe7a0:   00000263c5bd5300 00007ff9d8e982cf
0x00000078c26fe7b0:   0000000000000028 0000000000000000
0x00000078c26fe7c0:   00000263c5bd5308 000000083c294f00
0x00000078c26fe7d0:   00000263c5c5bd20 00007ff9d8e98379
0x00000078c26fe7e0:   00000263c5c5bd50 00000078c26fe8b0
0x00000078c26fe7f0:   00000263c5c5bd50 00000263c5c5bd20
0x00000078c26fe800:   00000263cd0c18b0 00000078c26fe8b0
0x00000078c26fe810:   00000263c11a6900 0000000000000000
0x00000078c26fe820:   00000263c5c5bd20 00007ff9d8e987a7
0x00000078c26fe830:   0000000000000000 00000078c26fe8b0
0x00000078c26fe840:   0000000000000668 00007ff9d8ea2470
0x00000078c26fe850:   0000000000000001 00007ff9d8e97a95
0x00000078c26fe860:   00000000000005e0 00000078c26fe8b0
0x00000078c26fe870:   0000000000000668 00000263c5c5bd60 

Instructions: (pc=0x000000018000bc29)
0x000000018000bb29:   48 8b 74 24 60 48 8b 7c 24 68 48 8b 5c 24 70 48
0x000000018000bb39:   8b 6c 24 78 48 83 c4 50 41 5c c3 41 c6 84 24 16
0x000000018000bb49:   02 00 00 01 b0 01 eb d8 48 8b 5c 24 70 48 8b 6c
0x000000018000bb59:   24 78 32 c0 48 83 c4 50 41 5c c3 cc cc cc cc cc
0x000000018000bb69:   cc cc cc cc cc cc cc 48 85 c9 74 23 8b 05 cd f5
0x000000018000bb79:   06 00 89 01 8b 05 c9 f5 06 00 89 41 04 8b 05 c4
0x000000018000bb89:   f5 06 00 89 41 08 8b 05 bf f5 06 00 89 41 0c f3
0x000000018000bb99:   c3 cc cc cc cc cc cc c6 01 01 c7 02 01 00 00 00
0x000000018000bba9:   c3 cc cc cc cc cc cc 40 53 48 83 ec 50 48 8b da
0x000000018000bbb9:   8b d1 48 8d 4c 24 20 41 b0 01 e8 88 05 02 00 48
0x000000018000bbc9:   83 78 20 10 72 06 48 8b 48 08 eb 0b 48 8d 48 08
0x000000018000bbd9:   0f 1f 80 00 00 00 00 0f b6 01 48 ff c3 48 ff c1
0x000000018000bbe9:   88 43 ff 84 c0 75 f0 48 83 7c 24 40 10 72 0a 48
0x000000018000bbf9:   8b 4c 24 28 e8 12 87 03 00 48 83 c4 50 5b c3 cc
0x000000018000bc09:   cc cc cc cc cc cc cc 48 83 ec 48 0f b6 c2 a9 fc
0x000000018000bc19:   ff ff ff 0f 85 ec 77 01 00 f6 ff 25 00 00 00 00
0x000000018000bc29:   33 7d 46 f2 f9 7f 00 00 af 04 24 89 04 24 8b 44
0x000000018000bc39:   24 04 0f af 04 24 83 c0 01 89 04 24 8b 44 24 04
0x000000018000bc49:   0f af 04 24 83 c0 02 89 04 24 8b 44 24 04 0f af
0x000000018000bc59:   04 24 83 c0 03 89 04 24 8b 44 24 04 0f af 04 24
0x000000018000bc69:   83 c0 04 89 04 24 8b 44 24 04 0f af 04 24 83 c0
0x000000018000bc79:   05 89 04 24 8b 44 24 04 0f af 04 24 83 c0 06 89
0x000000018000bc89:   04 24 8b 44 24 04 0f af 04 24 83 c0 07 89 04 24
0x000000018000bc99:   8b 44 24 04 0f af 04 24 83 c0 08 89 04 24 8b 44
0x000000018000bca9:   24 04 0f af 04 24 83 c0 09 89 04 24 8b 44 24 04
0x000000018000bcb9:   0f af 04 24 83 c0 0a 89 04 24 8b 44 24 04 0f af
0x000000018000bcc9:   04 24 83 c0 0b 89 04 24 8b 44 24 04 0f af 04 24
0x000000018000bcd9:   83 c0 0d 89 04 24 8b 44 24 04 0f af 04 24 83 c0
0x000000018000bce9:   0e 89 04 24 8b 44 24 04 0f af 04 24 83 c0 0f 89
0x000000018000bcf9:   04 24 8b 44 24 04 0f af 04 24 83 c0 10 89 04 24
0x000000018000bd09:   8b 44 24 04 0f af 04 24 83 c0 11 89 04 24 8b 44
0x000000018000bd19:   24 04 0f af 04 24 83 c0 12 89 04 24 8b 44 24 04 


Stack slot to memory mapping:

stack at sp + 0 slots: 0x0000e4aeccaa2a46 is an unknown value
stack at sp + 1 slots: 0x00000001ffffffff is an unknown value
stack at sp + 2 slots: 0x00000078c26fe6f8 is pointing into the stack for thread: 0x00000263cd0c18b0
stack at sp + 3 slots: 0x000000018001e949 EasyRedirect64.dll
stack at sp + 4 slots: 0x0000000180064ea0 EasyRedirect64.dll
stack at sp + 5 slots: 0x0000000000002736 is an unknown value
stack at sp + 6 slots: 0x0000000000000638 is an unknown value
stack at sp + 7 slots: 0x00000263c5c5bd50 points into unknown readable memory: 0x00000263c5c5bd50 | 50 bd c5 c5 63 02 00 00

native method entry point (kind = native)  [0x00000263dc94cca0, 0x00000263dc94d8c0]  3104 bytes
[MachCode]
  0x00000263dc94cca0: 488b 4b08 | 0fb7 492e | 584c 8d74 | ccf8 6800 | 0000 0068 | 0000 0000 | 5055 488b | ec41 5568 
  0x00000263dc94ccc0: 0000 0000 | 4c8b 6b08 | 4d8d 6d38 | 5348 8b53 | 0848 8b52 | 0848 8b52 | 1848 8b52 | 7048 8b12 
  0x00000263dc94cce0: 5248 8b53 | 1048 85d2 | 0f84 0700 | 0000 4881 | c210 0100 | 0052 488b | 5308 488b | 5208 488b 
  0x00000263dc94cd00: 5210 5249 | 8bc6 482b | c548 c1e8 | 0350 6800 | 0000 0068 | f7ff ffff | 41c6 8781 | 0400 0001 
  0x00000263dc94cd20: 488b 4310 | 4885 c074 | 208b 88cc | 0000 0083 | c102 8988 | cc00 0000 | 2388 e000 | 0000 0f84 
  0x00000263dc94cd40: cb0a 0000 | e9cf 0000 | 0048 8b43 | 1848 85c0 | 0f85 b000 | 0000 e805 | 0000 00e9 | 9900 0000 
  0x00000263dc94cd60: 488b d348 | 8d44 2408 | 4c89 6dc0 | 498b cfc5 | f877 4989 | afb0 0300 | 0049 8987 | a003 0000 
  0x00000263dc94cd80: 4883 ec20 | 40f6 c40f | 0f84 1900 | 0000 4883 | ec08 48b8 | 00a7 443c | f97f 0000 | ffd0 4883 
  0x00000263dc94cda0: c408 e90c | 0000 0048 | b800 a744 | 3cf9 7f00 | 00ff d048 | 83c4 2049 | c787 a003 | 0000 0000 
  0x00000263dc94cdc0: 0000 49c7 | 87b0 0300 | 0000 0000 | 0049 c787 | a803 0000 | 0000 0000 | c5f8 7749 | 837f 0800 
  0x00000263dc94cde0: 0f84 0500 | 0000 e915 | 41ff ff4c | 8b6d c04c | 8b75 c84e | 8d74 f500 | c348 8b43 | 1848 85c0 
  0x00000263dc94ce00: 0f84 1200 | 0000 8b48 | 0883 c102 | 8948 0823 | 481c 0f84 | f709 0000 | 493b a7f0 | 0400 000f 
  0x00000263dc94ce20: 8748 0000 | 0089 8424 | 00f0 ffff | 8984 2400 | e0ff ff89 | 8424 00d0 | ffff 8984 | 2400 c0ff 
  0x00000263dc94ce40: ff89 8424 | 00b0 ffff | 8984 2400 | a0ff ff89 | 8424 0090 | ffff 8984 | 2400 80ff | ff49 3ba7 
  0x00000263dc94ce60: e804 0000 | 7607 4989 | a7f0 0400 | 0041 c687 | 8104 0000 | 0049 ba6c | 40cb 3cf9 | 7f00 0041 
  0x00000263dc94ce80: 803a 000f | 843e 0000 | 0048 8b55 | e849 8bcf | 4883 ec20 | 40f6 c40f | 0f84 1900 | 0000 4883 
  0x00000263dc94cea0: ec08 48b8 | 80b9 7b3c | f97f 0000 | ffd0 4883 | c408 e90c | 0000 0048 | b880 b97b | 3cf9 7f00 
  0x00000263dc94cec0: 00ff d048 | 83c4 2048 | 8b5d e84c | 8b5b 0845 | 0fb7 5b2e | 41c1 e303 | 492b e348 | 83ec 2048 
  0x00000263dc94cee0: 83e4 f04c | 8b5b 604d | 85db 0f85 | ab00 0000 | e805 0000 | 00e9 9900 | 0000 488b | d348 8d44 
  0x00000263dc94cf00: 2408 4c89 | 6dc0 498b | cfc5 f877 | 4989 afb0 | 0300 0049 | 8987 a003 | 0000 4883 | ec20 40f6 
  0x00000263dc94cf20: c40f 0f84 | 1900 0000 | 4883 ec08 | 48b8 20ce | 443c f97f | 0000 ffd0 | 4883 c408 | e90c 0000 
  0x00000263dc94cf40: 0048 b820 | ce44 3cf9 | 7f00 00ff | d048 83c4 | 2049 c787 | a003 0000 | 0000 0000 | 49c7 87b0 
  0x00000263dc94cf60: 0300 0000 | 0000 0049 | c787 a803 | 0000 0000 | 0000 c5f8 | 7749 837f | 0800 0f84 | 0500 0000 
  0x00000263dc94cf80: e97b 3fff | ff4c 8b6d | c04c 8b75 | c84e 8d74 | f500 c348 | 8b5d e84c | 8b5b 6041 | ffd3 488b 
  0x00000263dc94cfa0: 5de8 4889 | 4518 448b | 5b28 41f6 | c308 0f84 | 1b00 0000 | 4c8b 5b08 | 4d8b 5b08 | 4d8b 5b18 
  0x00000263dc94cfc0: 4d8b 5b70 | 4d8b 1b4c | 895d 1048 | 8d55 1048 | 8b43 5849 | ba80 107c | 3cf9 7f00 | 0049 3bc2 
  0x00000263dc94cfe0: 0f85 ab00 | 0000 e805 | 0000 00e9 | 9900 0000 | 488b d348 | 8d44 2408 | 4c89 6dc0 | 498b cfc5 
  0x00000263dc94d000: f877 4989 | afb0 0300 | 0049 8987 | a003 0000 | 4883 ec20 | 40f6 c40f | 0f84 1900 | 0000 4883 
  0x00000263dc94d020: ec08 48b8 | 20ce 443c | f97f 0000 | ffd0 4883 | c408 e90c | 0000 0048 | b820 ce44 | 3cf9 7f00 
  0x00000263dc94d040: 00ff d048 | 83c4 2049 | c787 a003 | 0000 0000 | 0000 49c7 | 87b0 0300 | 0000 0000 | 0049 c787 
  0x00000263dc94d060: a803 0000 | 0000 0000 | c5f8 7749 | 837f 0800 | 0f84 0500 | 0000 e985 | 3eff ff4c | 8b6d c04c 
  0x00000263dc94d080: 8b75 c84e | 8d74 f500 | c348 8b5d | e848 8b43 | 5849 8d8f | c003 0000 | c5f8 7749 | 89af b003 
  0x00000263dc94d0a0: 0000 49ba | 98d0 94dc | 6302 0000 | 4d89 97a8 | 0300 0049 | 89a7 a003 | 0000 41c7 | 8754 0400 
  0x00000263dc94d0c0: 0004 0000 | 00ff d0c5 | f877 4883 | ec10 c5fb | 1104 2448 | 83ec 1048 | 8904 2448 | c744 2408 
  0x00000263dc94d0e0: 0000 0000 | 41c7 8754 | 0400 0005 | 0000 00f0 | 8344 24c0 | 0049 3baf | 5804 0000 | 0f87 0e00 
  0x00000263dc94d100: 0000 4183 | bf50 0400 | 0000 0f84 | 2000 0000 | 498b cf4c | 8be4 4883 | ec20 4883 | e4f0 48b8 
  0x00000263dc94d120: 4023 463c | f97f 0000 | ffd0 498b | e44d 33e4 | 41c7 8754 | 0400 0008 | 0000 0049 | c787 a003 
  0x00000263dc94d140: 0000 0000 | 0000 49c7 | 87b0 0300 | 0000 0000 | 0049 c787 | a803 0000 | 0000 0000 | c5f8 774d 
  0x00000263dc94d160: 8b9f 3004 | 0000 41c7 | 8300 0100 | 0000 0000 | 0049 bb1a | a594 dc63 | 0200 004c | 3b5d 180f 
  0x00000263dc94d180: 8524 0300 | 0048 8b04 | 2448 83c4 | 1048 85c0 | 0f84 fe02 | 0000 a803 | 0f85 0800 | 0000 488b 
  0x00000263dc94d1a0: 00e9 ee02 | 0000 a801 | 0f85 0900 | 0000 488b | 40fe e9dd | 0200 0048 | 8b40 ff41 | 807f 3800 
  0x00000263dc94d1c0: 0f84 ce02 | 0000 4883 | f800 0f84 | c402 0000 | 4d8b 5f28 | 4983 fb00 | 0f84 1400 | 0000 4983 
  0x00000263dc94d1e0: eb08 4d89 | 5f28 4d03 | 5f30 4989 | 03e9 a202 | 0000 4881 | ec50 0100 | 0048 8904 | 2448 894c 
  0x00000263dc94d200: 2408 4889 | 5424 1048 | 8974 2418 | 4889 7c24 | 204c 8944 | 2428 4c89 | 4c24 304c | 8954 2438 
  0x00000263dc94d220: 4c89 5c24 | 40c5 fb11 | 4424 50c5 | fb11 4c24 | 58c5 fb11 | 5424 60c5 | fb11 5c24 | 68c5 fb11 
  0x00000263dc94d240: 6424 70c5 | fb11 6c24 | 78c5 fb11 | b424 8000 | 0000 c5fb | 11bc 2488 | 0000 00c5 | 7b11 8424 
  0x00000263dc94d260: 9000 0000 | c57b 118c | 2498 0000 | 00c5 7b11 | 9424 a000 | 0000 c57b | 119c 24a8 | 0000 00c5 
  0x00000263dc94d280: 7b11 a424 | b000 0000 | c57b 11ac | 24b8 0000 | 00c5 7b11 | b424 c000 | 0000 c57b | 11bc 24c8 
  0x00000263dc94d2a0: 0000 0062 | e1ff 0811 | 4424 1a62 | e1ff 0811 | 4c24 1b62 | e1ff 0811 | 5424 1c62 | e1ff 0811 
  0x00000263dc94d2c0: 5c24 1d62 | e1ff 0811 | 6424 1e62 | e1ff 0811 | 6c24 1f62 | e1ff 0811 | 7424 2062 | e1ff 0811 
  0x00000263dc94d2e0: 7c24 2162 | 61ff 0811 | 4424 2262 | 61ff 0811 | 4c24 2362 | 61ff 0811 | 5424 2462 | 61ff 0811 
  0x00000263dc94d300: 5c24 2562 | 61ff 0811 | 6424 2662 | 61ff 0811 | 6c24 2762 | 61ff 0811 | 7424 2862 | 61ff 0811 
  0x00000263dc94d320: 7c24 2949 | 8bd7 488b | c848 83ec | 2040 f6c4 | 0f0f 8419 | 0000 0048 | 83ec 0848 | b830 3f39 
  0x00000263dc94d340: 3cf9 7f00 | 00ff d048 | 83c4 08e9 | 0c00 0000 | 48b8 303f | 393c f97f | 0000 ffd0 | 4883 c420 
  0x00000263dc94d360: 6261 ff08 | 107c 2429 | 6261 ff08 | 1074 2428 | 6261 ff08 | 106c 2427 | 6261 ff08 | 1064 2426 
  0x00000263dc94d380: 6261 ff08 | 105c 2425 | 6261 ff08 | 1054 2424 | 6261 ff08 | 104c 2423 | 6261 ff08 | 1044 2422 
  0x00000263dc94d3a0: 62e1 ff08 | 107c 2421 | 62e1 ff08 | 1074 2420 | 62e1 ff08 | 106c 241f | 62e1 ff08 | 1064 241e 
  0x00000263dc94d3c0: 62e1 ff08 | 105c 241d | 62e1 ff08 | 1054 241c | 62e1 ff08 | 104c 241b | 62e1 ff08 | 1044 241a 
  0x00000263dc94d3e0: c57b 10bc | 24c8 0000 | 00c5 7b10 | b424 c000 | 0000 c57b | 10ac 24b8 | 0000 00c5 | 7b10 a424 
  0x00000263dc94d400: b000 0000 | c57b 109c | 24a8 0000 | 00c5 7b10 | 9424 a000 | 0000 c57b | 108c 2498 | 0000 00c5 
  0x00000263dc94d420: 7b10 8424 | 9000 0000 | c5fb 10bc | 2488 0000 | 00c5 fb10 | b424 8000 | 0000 c5fb | 106c 2478 
  0x00000263dc94d440: c5fb 1064 | 2470 c5fb | 105c 2468 | c5fb 1054 | 2460 c5fb | 104c 2458 | c5fb 1044 | 2450 4c8b 
  0x00000263dc94d460: 5c24 404c | 8b54 2438 | 4c8b 4c24 | 304c 8b44 | 2428 488b | 7c24 2048 | 8b74 2418 | 488b 5424 
  0x00000263dc94d480: 1048 8b4c | 2408 488b | 0424 4881 | c450 0100 | 00c5 f877 | 4889 4510 | 4883 ec10 | 4889 0424 
  0x00000263dc94d4a0: 48c7 4424 | 0800 0000 | 0041 83bf | d004 0000 | 020f 85bf | 0000 0048 | 81ec 8000 | 0000 4889 
  0x00000263dc94d4c0: 4424 7848 | 894c 2470 | 4889 5424 | 6848 895c | 2460 4889 | 6c24 5048 | 8974 2448 | 4889 7c24 
  0x00000263dc94d4e0: 404c 8944 | 2438 4c89 | 4c24 304c | 8954 2428 | 4c89 5c24 | 204c 8964 | 2418 4c89 | 6c24 104c 
  0x00000263dc94d500: 8974 2408 | 4c89 3c24 | 4c8b e448 | 83ec 2048 | 83e4 f048 | b8d0 f17b | 3cf9 7f00 | 00ff d049 
  0x00000263dc94d520: 8be4 4c8b | 3c24 4c8b | 7424 084c | 8b6c 2410 | 4c8b 6424 | 184c 8b5c | 2420 4c8b | 5424 284c 
  0x00000263dc94d540: 8b4c 2430 | 4c8b 4424 | 3848 8b7c | 2440 488b | 7424 4848 | 8b6c 2450 | 488b 5c24 | 6048 8b54 
  0x00000263dc94d560: 2468 488b | 4c24 7048 | 8b44 2478 | 4881 c480 | 0000 004d | 33e4 488b | 5de8 4c8b | 6b08 4d8d 
  0x00000263dc94d580: 6d38 4983 | 7f08 000f | 84bb 0000 | 00e8 0500 | 0000 e996 | 0000 0048 | 8d44 2408 | 4c89 6dc0 
  0x00000263dc94d5a0: 498b cfc5 | f877 4989 | afb0 0300 | 0049 8987 | a003 0000 | 4883 ec20 | 40f6 c40f | 0f84 1900 
  0x00000263dc94d5c0: 0000 4883 | ec08 48b8 | 60ec 443c | f97f 0000 | ffd0 4883 | c408 e90c | 0000 0048 | b860 ec44 
  0x00000263dc94d5e0: 3cf9 7f00 | 00ff d048 | 83c4 2049 | c787 a003 | 0000 0000 | 0000 49c7 | 87b0 0300 | 0000 0000 
  0x00000263dc94d600: 0049 c787 | a803 0000 | 0000 0000 | c5f8 7749 | 837f 0800 | 0f84 0500 | 0000 e9e1 | 38ff ff4c 
  0x00000263dc94d620: 8b6d c04c | 8b75 c84e | 8d74 f500 | c348 b9c0 | 28a3 3cf9 | 7f00 0048 | 83e4 f048 | b830 996a 
  0x00000263dc94d640: 3cf9 7f00 | 00ff d0f4 | 448b 5b28 | 41f6 c320 | 0f84 4401 | 0000 488d | 55a8 4c8b | 5a08 4d85 
  0x00000263dc94d660: db0f 85bb | 0000 00e8 | 0500 0000 | e996 0000 | 0048 8d44 | 2408 4c89 | 6dc0 498b | cfc5 f877 
  0x00000263dc94d680: 4989 afb0 | 0300 0049 | 8987 a003 | 0000 4883 | ec20 40f6 | c40f 0f84 | 1900 0000 | 4883 ec08 
  0x00000263dc94d6a0: 48b8 90eb | 443c f97f | 0000 ffd0 | 4883 c408 | e90c 0000 | 0048 b890 | eb44 3cf9 | 7f00 00ff 
  0x00000263dc94d6c0: d048 83c4 | 2049 c787 | a003 0000 | 0000 0000 | 49c7 87b0 | 0300 0000 | 0000 0049 | c787 a803 
  0x00000263dc94d6e0: 0000 0000 | 0000 c5f8 | 7749 837f | 0800 0f84 | 0500 0000 | e907 38ff | ff4c 8b6d | c04c 8b75 
  0x00000263dc94d700: c84e 8d74 | f500 c348 | b9c0 28a3 | 3cf9 7f00 | 0048 83e4 | f048 b830 | 996a 3cf9 | 7f00 00ff 
  0x00000263dc94d720: d0f4 4c89 | 6dc0 488d | 024c 8b4a | 0848 c742 | 0800 0000 | 004c 8b00 | 4d85 c00f | 840b 0000 
  0x00000263dc94d740: 00f0 4d0f | b101 0f85 | 0c00 0000 | 49ff 8f58 | 0500 00e9 | 3e00 0000 | 4c89 4a08 | 488b ca48 
  0x00000263dc94d760: 83ec 2040 | f6c4 0f0f | 8419 0000 | 0048 83ec | 0848 b820 | be44 3cf9 | 7f00 00ff | d048 83c4 
  0x00000263dc94d780: 08e9 0c00 | 0000 48b8 | 20be 443c | f97f 0000 | ffd0 4883 | c420 4c8b | 6dc0 49ba | 6c40 cb3c 
  0x00000263dc94d7a0: f97f 0000 | 4180 3a00 | 0f84 3e00 | 0000 488b | 55e8 498b | cf48 83ec | 2040 f6c4 | 0f0f 8419 
  0x00000263dc94d7c0: 0000 0048 | 83ec 0848 | b880 b97b | 3cf9 7f00 | 00ff d048 | 83c4 08e9 | 0c00 0000 | 48b8 80b9 
  0x00000263dc94d7e0: 7b3c f97f | 0000 ffd0 | 4883 c420 | 488b 0424 | 4883 c410 | c5fb 1004 | 2448 83c4 | 104c 8b5d 
  0x00000263dc94d800: 1841 ffd3 | 4c8b 5df8 | c95f 498b | e3ff e7ba | 0000 0000 | e805 0000 | 00e9 9600 | 0000 488d 
  0x00000263dc94d820: 4424 084c | 896d c049 | 8bcf c5f8 | 7749 89af | b003 0000 | 4989 87a0 | 0300 0048 | 83ec 2040 
  0x00000263dc94d840: f6c4 0f0f | 8419 0000 | 0048 83ec | 0848 b8e0 | b144 3cf9 | 7f00 00ff | d048 83c4 | 08e9 0c00 
  0x00000263dc94d860: 0000 48b8 | e0b1 443c | f97f 0000 | ffd0 4883 | c420 49c7 | 87a0 0300 | 0000 0000 | 0049 c787 
  0x00000263dc94d880: b003 0000 | 0000 0000 | 49c7 87a8 | 0300 0000 | 0000 00c5 | f877 4983 | 7f08 000f | 8405 0000 
  0x00000263dc94d8a0: 00e9 5a36 | ffff 4c8b | 6dc0 4c8b | 75c8 4e8d | 74f5 00c3 | 488b 5de8 | e95b f5ff | ff66 6690 
[/MachCode]

---------------  P R O C E S S  ---------------

Threads class SMR info:
_java_thread_list=0x00000263c525e8a0, length=11, elements={
0x00000263cd0c18b0, 0x00000263e9801830, 0x00000263e9802640, 0x00000263e98092b0,
0x00000263e9809e00, 0x00000263e980af60, 0x00000263e980bab0, 0x00000263e9817160,
0x00000263e981d620, 0x00000263c5283580, 0x00000263c528a870
}

Java Threads: ( => current thread )
=>0x00000263cd0c18b0 JavaThread "main"                              [_thread_in_native, id=6720, stack(0x00000078c2600000,0x00000078c2700000) (1024K)]
  0x00000263e9801830 JavaThread "Reference Handler"          daemon [_thread_blocked, id=18788, stack(0x00000078c2e00000,0x00000078c2f00000) (1024K)]
  0x00000263e9802640 JavaThread "Finalizer"                  daemon [_thread_blocked, id=17492, stack(0x00000078c2f00000,0x00000078c3000000) (1024K)]
  0x00000263e98092b0 JavaThread "Signal Dispatcher"          daemon [_thread_blocked, id=1228, stack(0x00000078c3000000,0x00000078c3100000) (1024K)]
  0x00000263e9809e00 JavaThread "Attach Listener"            daemon [_thread_blocked, id=18572, stack(0x00000078c3100000,0x00000078c3200000) (1024K)]
  0x00000263e980af60 JavaThread "Service Thread"             daemon [_thread_blocked, id=15116, stack(0x00000078c3200000,0x00000078c3300000) (1024K)]
  0x00000263e980bab0 JavaThread "Monitor Deflation Thread"   daemon [_thread_blocked, id=22908, stack(0x00000078c3300000,0x00000078c3400000) (1024K)]
  0x00000263e9817160 JavaThread "C2 CompilerThread0"         daemon [_thread_blocked, id=18052, stack(0x00000078c3400000,0x00000078c3500000) (1024K)]
  0x00000263e981d620 JavaThread "C1 CompilerThread0"         daemon [_thread_blocked, id=19992, stack(0x00000078c3500000,0x00000078c3600000) (1024K)]
  0x00000263c5283580 JavaThread "Notification Thread"        daemon [_thread_blocked, id=13596, stack(0x00000078c3600000,0x00000078c3700000) (1024K)]
  0x00000263c528a870 JavaThread "Common-Cleaner"             daemon [_thread_blocked, id=21116, stack(0x00000078c3700000,0x00000078c3800000) (1024K)]
Total: 11

Other Threads:
  0x00000263e97e6e70 VMThread "VM Thread"                           [id=23424, stack(0x00000078c2d00000,0x00000078c2e00000) (1024K)]
  0x00000263e97cb840 WatcherThread "VM Periodic Task Thread"        [id=6564, stack(0x00000078c2c00000,0x00000078c2d00000) (1024K)]
  0x00000263cd11c8d0 WorkerThread "GC Thread#0"                     [id=19020, stack(0x00000078c2700000,0x00000078c2800000) (1024K)]
  0x00000263cd12cf40 ConcurrentGCThread "G1 Main Marker"            [id=21656, stack(0x00000078c2800000,0x00000078c2900000) (1024K)]
  0x00000263cd12da50 WorkerThread "G1 Conc#0"                       [id=292, stack(0x00000078c2900000,0x00000078c2a00000) (1024K)]
  0x00000263e96a0160 ConcurrentGCThread "G1 Refine#0"               [id=6180, stack(0x00000078c2a00000,0x00000078c2b00000) (1024K)]
  0x00000263e96a1b00 ConcurrentGCThread "G1 Service"                [id=11468, stack(0x00000078c2b00000,0x00000078c2c00000) (1024K)]
Total: 7

Threads with active compile tasks:
Total: 0

VM state: not at safepoint (normal execution)

VM Mutex/Monitor currently owned by a thread: None

Heap address: 0x0000000084c00000, size: 1972 MB, Compressed Oops mode: 32-bit

CDS archive(s) mapped at: [0x0000026380000000-0x0000026380c60000-0x0000026380c60000), size 12976128, SharedBaseAddress: 0x0000026380000000, ArchiveRelocationMode: 1.
Compressed class space mapped at: 0x0000026381000000-0x00000263c1000000, reserved size: 1073741824
Narrow klass base: 0x0000026380000000, Narrow klass shift: 0, Narrow klass range: 0x41000000

GC Precious Log:
 CardTable entry size: 512
 Card Set container configuration: InlinePtr #cards 5 size 8 Array Of Cards #cards 12 size 40 Howl #buckets 4 coarsen threshold 1843 Howl Bitmap #cards 512 size 80 coarsen threshold 460 Card regions per heap region 1 cards per card region 2048
 CPUs: 8 total, 8 available
 Memory: 7886M
 Large Page Support: Disabled
 NUMA Support: Disabled
 Compressed Oops: Enabled (32-bit)
 Heap Region Size: 1M
 Heap Min Capacity: 8M
 Heap Initial Capacity: 124M
 Heap Max Capacity: 1972M
 Pre-touch: Disabled
 Parallel Workers: 8
 Concurrent Workers: 2
 Concurrent Refinement Workers: 8
 Periodic GC: Disabled

Heap:
 garbage-first heap   total reserved 2019328K, committed 126976K, used 19456K [0x0000000084c00000, 0x0000000100000000)
  region size 1024K, 14 young (14336K), 0 survivors (0K)
 Metaspace       used 5786K, committed 6016K, reserved 1114112K
  class space    used 639K, committed 768K, reserved 1048576K

Heap Regions: E=young(eden), S=young(survivor), O=old, HS=humongous(starts), HC=humongous(continues), CS=collection set, F=free, TAMS=top-at-mark-start, PB=parsable bottom
|   0|0x0000000084c00000, 0x0000000084d00000, 0x0000000084d00000|100%|HS|  |TAMS 0x0000000084c00000| PB 0x0000000084c00000| Complete |  0
|   1|0x0000000084d00000, 0x0000000084e00000, 0x0000000084e00000|100%|HC|  |TAMS 0x0000000084d00000| PB 0x0000000084d00000| Complete |  0
|   2|0x0000000084e00000, 0x0000000084f00000, 0x0000000084f00000|100%|HC|  |TAMS 0x0000000084e00000| PB 0x0000000084e00000| Complete |  0
|   3|0x0000000084f00000, 0x0000000085000000, 0x0000000085000000|100%|HS|  |TAMS 0x0000000084f00000| PB 0x0000000084f00000| Complete |  0
|   4|0x0000000085000000, 0x0000000085100000, 0x0000000085100000|100%|HC|  |TAMS 0x0000000085000000| PB 0x0000000085000000| Complete |  0
|   5|0x0000000085100000, 0x0000000085200000, 0x0000000085200000|100%|HC|  |TAMS 0x0000000085100000| PB 0x0000000085100000| Complete |  0
|   6|0x0000000085200000, 0x0000000085200000, 0x0000000085300000|  0%| F|  |TAMS 0x0000000085200000| PB 0x0000000085200000| Untracked |  0
|   7|0x0000000085300000, 0x0000000085300000, 0x0000000085400000|  0%| F|  |TAMS 0x0000000085300000| PB 0x0000000085300000| Untracked |  0
|   8|0x0000000085400000, 0x0000000085400000, 0x0000000085500000|  0%| F|  |TAMS 0x0000000085400000| PB 0x0000000085400000| Untracked |  0
|   9|0x0000000085500000, 0x0000000085500000, 0x0000000085600000|  0%| F|  |TAMS 0x0000000085500000| PB 0x0000000085500000| Untracked |  0
|  10|0x0000000085600000, 0x0000000085600000, 0x0000000085700000|  0%| F|  |TAMS 0x0000000085600000| PB 0x0000000085600000| Untracked |  0
|  11|0x0000000085700000, 0x0000000085700000, 0x0000000085800000|  0%| F|  |TAMS 0x0000000085700000| PB 0x0000000085700000| Untracked |  0
|  12|0x0000000085800000, 0x0000000085800000, 0x0000000085900000|  0%| F|  |TAMS 0x0000000085800000| PB 0x0000000085800000| Untracked |  0
|  13|0x0000000085900000, 0x0000000085900000, 0x0000000085a00000|  0%| F|  |TAMS 0x0000000085900000| PB 0x0000000085900000| Untracked |  0
|  14|0x0000000085a00000, 0x0000000085a00000, 0x0000000085b00000|  0%| F|  |TAMS 0x0000000085a00000| PB 0x0000000085a00000| Untracked |  0
|  15|0x0000000085b00000, 0x0000000085b00000, 0x0000000085c00000|  0%| F|  |TAMS 0x0000000085b00000| PB 0x0000000085b00000| Untracked |  0
|  16|0x0000000085c00000, 0x0000000085c00000, 0x0000000085d00000|  0%| F|  |TAMS 0x0000000085c00000| PB 0x0000000085c00000| Untracked |  0
|  17|0x0000000085d00000, 0x0000000085d00000, 0x0000000085e00000|  0%| F|  |TAMS 0x0000000085d00000| PB 0x0000000085d00000| Untracked |  0
|  18|0x0000000085e00000, 0x0000000085e00000, 0x0000000085f00000|  0%| F|  |TAMS 0x0000000085e00000| PB 0x0000000085e00000| Untracked |  0
|  19|0x0000000085f00000, 0x0000000085f00000, 0x0000000086000000|  0%| F|  |TAMS 0x0000000085f00000| PB 0x0000000085f00000| Untracked |  0
|  20|0x0000000086000000, 0x0000000086000000, 0x0000000086100000|  0%| F|  |TAMS 0x0000000086000000| PB 0x0000000086000000| Untracked |  0
|  21|0x0000000086100000, 0x0000000086100000, 0x0000000086200000|  0%| F|  |TAMS 0x0000000086100000| PB 0x0000000086100000| Untracked |  0
|  22|0x0000000086200000, 0x0000000086200000, 0x0000000086300000|  0%| F|  |TAMS 0x0000000086200000| PB 0x0000000086200000| Untracked |  0
|  23|0x0000000086300000, 0x0000000086300000, 0x0000000086400000|  0%| F|  |TAMS 0x0000000086300000| PB 0x0000000086300000| Untracked |  0
|  24|0x0000000086400000, 0x0000000086400000, 0x0000000086500000|  0%| F|  |TAMS 0x0000000086400000| PB 0x0000000086400000| Untracked |  0
|  25|0x0000000086500000, 0x0000000086500000, 0x0000000086600000|  0%| F|  |TAMS 0x0000000086500000| PB 0x0000000086500000| Untracked |  0
|  26|0x0000000086600000, 0x0000000086600000, 0x0000000086700000|  0%| F|  |TAMS 0x0000000086600000| PB 0x0000000086600000| Untracked |  0
|  27|0x0000000086700000, 0x0000000086700000, 0x0000000086800000|  0%| F|  |TAMS 0x0000000086700000| PB 0x0000000086700000| Untracked |  0
|  28|0x0000000086800000, 0x0000000086800000, 0x0000000086900000|  0%| F|  |TAMS 0x0000000086800000| PB 0x0000000086800000| Untracked |  0
|  29|0x0000000086900000, 0x0000000086900000, 0x0000000086a00000|  0%| F|  |TAMS 0x0000000086900000| PB 0x0000000086900000| Untracked |  0
|  30|0x0000000086a00000, 0x0000000086a00000, 0x0000000086b00000|  0%| F|  |TAMS 0x0000000086a00000| PB 0x0000000086a00000| Untracked |  0
|  31|0x0000000086b00000, 0x0000000086b00000, 0x0000000086c00000|  0%| F|  |TAMS 0x0000000086b00000| PB 0x0000000086b00000| Untracked |  0
|  32|0x0000000086c00000, 0x0000000086c00000, 0x0000000086d00000|  0%| F|  |TAMS 0x0000000086c00000| PB 0x0000000086c00000| Untracked |  0
|  33|0x0000000086d00000, 0x0000000086d00000, 0x0000000086e00000|  0%| F|  |TAMS 0x0000000086d00000| PB 0x0000000086d00000| Untracked |  0
|  34|0x0000000086e00000, 0x0000000086e00000, 0x0000000086f00000|  0%| F|  |TAMS 0x0000000086e00000| PB 0x0000000086e00000| Untracked |  0
|  35|0x0000000086f00000, 0x0000000086f00000, 0x0000000087000000|  0%| F|  |TAMS 0x0000000086f00000| PB 0x0000000086f00000| Untracked |  0
|  36|0x0000000087000000, 0x0000000087000000, 0x0000000087100000|  0%| F|  |TAMS 0x0000000087000000| PB 0x0000000087000000| Untracked |  0
|  37|0x0000000087100000, 0x0000000087100000, 0x0000000087200000|  0%| F|  |TAMS 0x0000000087100000| PB 0x0000000087100000| Untracked |  0
|  38|0x0000000087200000, 0x0000000087200000, 0x0000000087300000|  0%| F|  |TAMS 0x0000000087200000| PB 0x0000000087200000| Untracked |  0
|  39|0x0000000087300000, 0x0000000087300000, 0x0000000087400000|  0%| F|  |TAMS 0x0000000087300000| PB 0x0000000087300000| Untracked |  0
|  40|0x0000000087400000, 0x0000000087400000, 0x0000000087500000|  0%| F|  |TAMS 0x0000000087400000| PB 0x0000000087400000| Untracked |  0
|  41|0x0000000087500000, 0x0000000087500000, 0x0000000087600000|  0%| F|  |TAMS 0x0000000087500000| PB 0x0000000087500000| Untracked |  0
|  42|0x0000000087600000, 0x0000000087600000, 0x0000000087700000|  0%| F|  |TAMS 0x0000000087600000| PB 0x0000000087600000| Untracked |  0
|  43|0x0000000087700000, 0x0000000087700000, 0x0000000087800000|  0%| F|  |TAMS 0x0000000087700000| PB 0x0000000087700000| Untracked |  0
|  44|0x0000000087800000, 0x0000000087800000, 0x0000000087900000|  0%| F|  |TAMS 0x0000000087800000| PB 0x0000000087800000| Untracked |  0
|  45|0x0000000087900000, 0x0000000087900000, 0x0000000087a00000|  0%| F|  |TAMS 0x0000000087900000| PB 0x0000000087900000| Untracked |  0
|  46|0x0000000087a00000, 0x0000000087a00000, 0x0000000087b00000|  0%| F|  |TAMS 0x0000000087a00000| PB 0x0000000087a00000| Untracked |  0
|  47|0x0000000087b00000, 0x0000000087b00000, 0x0000000087c00000|  0%| F|  |TAMS 0x0000000087b00000| PB 0x0000000087b00000| Untracked |  0
|  48|0x0000000087c00000, 0x0000000087c00000, 0x0000000087d00000|  0%| F|  |TAMS 0x0000000087c00000| PB 0x0000000087c00000| Untracked |  0
|  49|0x0000000087d00000, 0x0000000087d00000, 0x0000000087e00000|  0%| F|  |TAMS 0x0000000087d00000| PB 0x0000000087d00000| Untracked |  0
|  50|0x0000000087e00000, 0x0000000087e00000, 0x0000000087f00000|  0%| F|  |TAMS 0x0000000087e00000| PB 0x0000000087e00000| Untracked |  0
|  51|0x0000000087f00000, 0x0000000087f00000, 0x0000000088000000|  0%| F|  |TAMS 0x0000000087f00000| PB 0x0000000087f00000| Untracked |  0
|  52|0x0000000088000000, 0x0000000088000000, 0x0000000088100000|  0%| F|  |TAMS 0x0000000088000000| PB 0x0000000088000000| Untracked |  0
|  53|0x0000000088100000, 0x0000000088100000, 0x0000000088200000|  0%| F|  |TAMS 0x0000000088100000| PB 0x0000000088100000| Untracked |  0
|  54|0x0000000088200000, 0x0000000088200000, 0x0000000088300000|  0%| F|  |TAMS 0x0000000088200000| PB 0x0000000088200000| Untracked |  0
|  55|0x0000000088300000, 0x0000000088300000, 0x0000000088400000|  0%| F|  |TAMS 0x0000000088300000| PB 0x0000000088300000| Untracked |  0
|  56|0x0000000088400000, 0x0000000088400000, 0x0000000088500000|  0%| F|  |TAMS 0x0000000088400000| PB 0x0000000088400000| Untracked |  0
|  57|0x0000000088500000, 0x0000000088500000, 0x0000000088600000|  0%| F|  |TAMS 0x0000000088500000| PB 0x0000000088500000| Untracked |  0
|  58|0x0000000088600000, 0x0000000088600000, 0x0000000088700000|  0%| F|  |TAMS 0x0000000088600000| PB 0x0000000088600000| Untracked |  0
|  59|0x0000000088700000, 0x0000000088700000, 0x0000000088800000|  0%| F|  |TAMS 0x0000000088700000| PB 0x0000000088700000| Untracked |  0
|  60|0x0000000088800000, 0x0000000088800000, 0x0000000088900000|  0%| F|  |TAMS 0x0000000088800000| PB 0x0000000088800000| Untracked |  0
|  61|0x0000000088900000, 0x0000000088900000, 0x0000000088a00000|  0%| F|  |TAMS 0x0000000088900000| PB 0x0000000088900000| Untracked |  0
|  62|0x0000000088a00000, 0x0000000088a00000, 0x0000000088b00000|  0%| F|  |TAMS 0x0000000088a00000| PB 0x0000000088a00000| Untracked |  0
|  63|0x0000000088b00000, 0x0000000088b00000, 0x0000000088c00000|  0%| F|  |TAMS 0x0000000088b00000| PB 0x0000000088b00000| Untracked |  0
|  64|0x0000000088c00000, 0x0000000088c00000, 0x0000000088d00000|  0%| F|  |TAMS 0x0000000088c00000| PB 0x0000000088c00000| Untracked |  0
|  65|0x0000000088d00000, 0x0000000088d00000, 0x0000000088e00000|  0%| F|  |TAMS 0x0000000088d00000| PB 0x0000000088d00000| Untracked |  0
|  66|0x0000000088e00000, 0x0000000088e00000, 0x0000000088f00000|  0%| F|  |TAMS 0x0000000088e00000| PB 0x0000000088e00000| Untracked |  0
|  67|0x0000000088f00000, 0x0000000088f00000, 0x0000000089000000|  0%| F|  |TAMS 0x0000000088f00000| PB 0x0000000088f00000| Untracked |  0
|  68|0x0000000089000000, 0x0000000089000000, 0x0000000089100000|  0%| F|  |TAMS 0x0000000089000000| PB 0x0000000089000000| Untracked |  0
|  69|0x0000000089100000, 0x0000000089100000, 0x0000000089200000|  0%| F|  |TAMS 0x0000000089100000| PB 0x0000000089100000| Untracked |  0
|  70|0x0000000089200000, 0x0000000089200000, 0x0000000089300000|  0%| F|  |TAMS 0x0000000089200000| PB 0x0000000089200000| Untracked |  0
|  71|0x0000000089300000, 0x0000000089300000, 0x0000000089400000|  0%| F|  |TAMS 0x0000000089300000| PB 0x0000000089300000| Untracked |  0
|  72|0x0000000089400000, 0x0000000089400000, 0x0000000089500000|  0%| F|  |TAMS 0x0000000089400000| PB 0x0000000089400000| Untracked |  0
|  73|0x0000000089500000, 0x0000000089500000, 0x0000000089600000|  0%| F|  |TAMS 0x0000000089500000| PB 0x0000000089500000| Untracked |  0
|  74|0x0000000089600000, 0x0000000089600000, 0x0000000089700000|  0%| F|  |TAMS 0x0000000089600000| PB 0x0000000089600000| Untracked |  0
|  75|0x0000000089700000, 0x0000000089700000, 0x0000000089800000|  0%| F|  |TAMS 0x0000000089700000| PB 0x0000000089700000| Untracked |  0
|  76|0x0000000089800000, 0x0000000089800000, 0x0000000089900000|  0%| F|  |TAMS 0x0000000089800000| PB 0x0000000089800000| Untracked |  0
|  77|0x0000000089900000, 0x0000000089900000, 0x0000000089a00000|  0%| F|  |TAMS 0x0000000089900000| PB 0x0000000089900000| Untracked |  0
|  78|0x0000000089a00000, 0x0000000089a00000, 0x0000000089b00000|  0%| F|  |TAMS 0x0000000089a00000| PB 0x0000000089a00000| Untracked |  0
|  79|0x0000000089b00000, 0x0000000089b00000, 0x0000000089c00000|  0%| F|  |TAMS 0x0000000089b00000| PB 0x0000000089b00000| Untracked |  0
|  80|0x0000000089c00000, 0x0000000089c00000, 0x0000000089d00000|  0%| F|  |TAMS 0x0000000089c00000| PB 0x0000000089c00000| Untracked |  0
|  81|0x0000000089d00000, 0x0000000089d00000, 0x0000000089e00000|  0%| F|  |TAMS 0x0000000089d00000| PB 0x0000000089d00000| Untracked |  0
|  82|0x0000000089e00000, 0x0000000089e00000, 0x0000000089f00000|  0%| F|  |TAMS 0x0000000089e00000| PB 0x0000000089e00000| Untracked |  0
|  83|0x0000000089f00000, 0x0000000089f00000, 0x000000008a000000|  0%| F|  |TAMS 0x0000000089f00000| PB 0x0000000089f00000| Untracked |  0
|  84|0x000000008a000000, 0x000000008a000000, 0x000000008a100000|  0%| F|  |TAMS 0x000000008a000000| PB 0x000000008a000000| Untracked |  0
|  85|0x000000008a100000, 0x000000008a100000, 0x000000008a200000|  0%| F|  |TAMS 0x000000008a100000| PB 0x000000008a100000| Untracked |  0
|  86|0x000000008a200000, 0x000000008a200000, 0x000000008a300000|  0%| F|  |TAMS 0x000000008a200000| PB 0x000000008a200000| Untracked |  0
|  87|0x000000008a300000, 0x000000008a300000, 0x000000008a400000|  0%| F|  |TAMS 0x000000008a300000| PB 0x000000008a300000| Untracked |  0
|  88|0x000000008a400000, 0x000000008a400000, 0x000000008a500000|  0%| F|  |TAMS 0x000000008a400000| PB 0x000000008a400000| Untracked |  0
|  89|0x000000008a500000, 0x000000008a500000, 0x000000008a600000|  0%| F|  |TAMS 0x000000008a500000| PB 0x000000008a500000| Untracked |  0
|  90|0x000000008a600000, 0x000000008a600000, 0x000000008a700000|  0%| F|  |TAMS 0x000000008a600000| PB 0x000000008a600000| Untracked |  0
|  91|0x000000008a700000, 0x000000008a700000, 0x000000008a800000|  0%| F|  |TAMS 0x000000008a700000| PB 0x000000008a700000| Untracked |  0
|  92|0x000000008a800000, 0x000000008a800000, 0x000000008a900000|  0%| F|  |TAMS 0x000000008a800000| PB 0x000000008a800000| Untracked |  0
|  93|0x000000008a900000, 0x000000008a900000, 0x000000008aa00000|  0%| F|  |TAMS 0x000000008a900000| PB 0x000000008a900000| Untracked |  0
|  94|0x000000008aa00000, 0x000000008aa00000, 0x000000008ab00000|  0%| F|  |TAMS 0x000000008aa00000| PB 0x000000008aa00000| Untracked |  0
|  95|0x000000008ab00000, 0x000000008ab00000, 0x000000008ac00000|  0%| F|  |TAMS 0x000000008ab00000| PB 0x000000008ab00000| Untracked |  0
|  96|0x000000008ac00000, 0x000000008ac00000, 0x000000008ad00000|  0%| F|  |TAMS 0x000000008ac00000| PB 0x000000008ac00000| Untracked |  0
|  97|0x000000008ad00000, 0x000000008ad00000, 0x000000008ae00000|  0%| F|  |TAMS 0x000000008ad00000| PB 0x000000008ad00000| Untracked |  0
|  98|0x000000008ae00000, 0x000000008ae00000, 0x000000008af00000|  0%| F|  |TAMS 0x000000008ae00000| PB 0x000000008ae00000| Untracked |  0
|  99|0x000000008af00000, 0x000000008af00000, 0x000000008b000000|  0%| F|  |TAMS 0x000000008af00000| PB 0x000000008af00000| Untracked |  0
| 100|0x000000008b000000, 0x000000008b000000, 0x000000008b100000|  0%| F|  |TAMS 0x000000008b000000| PB 0x000000008b000000| Untracked |  0
| 101|0x000000008b100000, 0x000000008b100000, 0x000000008b200000|  0%| F|  |TAMS 0x000000008b100000| PB 0x000000008b100000| Untracked |  0
| 102|0x000000008b200000, 0x000000008b200000, 0x000000008b300000|  0%| F|  |TAMS 0x000000008b200000| PB 0x000000008b200000| Untracked |  0
| 103|0x000000008b300000, 0x000000008b300000, 0x000000008b400000|  0%| F|  |TAMS 0x000000008b300000| PB 0x000000008b300000| Untracked |  0
| 104|0x000000008b400000, 0x000000008b400000, 0x000000008b500000|  0%| F|  |TAMS 0x000000008b400000| PB 0x000000008b400000| Untracked |  0
| 105|0x000000008b500000, 0x000000008b500000, 0x000000008b600000|  0%| F|  |TAMS 0x000000008b500000| PB 0x000000008b500000| Untracked |  0
| 106|0x000000008b600000, 0x000000008b600000, 0x000000008b700000|  0%| F|  |TAMS 0x000000008b600000| PB 0x000000008b600000| Untracked |  0
| 107|0x000000008b700000, 0x000000008b700000, 0x000000008b800000|  0%| F|  |TAMS 0x000000008b700000| PB 0x000000008b700000| Untracked |  0
| 108|0x000000008b800000, 0x000000008b800000, 0x000000008b900000|  0%| F|  |TAMS 0x000000008b800000| PB 0x000000008b800000| Untracked |  0
| 109|0x000000008b900000, 0x000000008b900000, 0x000000008ba00000|  0%| F|  |TAMS 0x000000008b900000| PB 0x000000008b900000| Untracked |  0
| 110|0x000000008ba00000, 0x000000008baf5c50, 0x000000008bb00000| 96%| E|  |TAMS 0x000000008ba00000| PB 0x000000008ba00000| Complete |  0
| 111|0x000000008bb00000, 0x000000008bc00000, 0x000000008bc00000|100%| E|CS|TAMS 0x000000008bb00000| PB 0x000000008bb00000| Complete |  0
| 112|0x000000008bc00000, 0x000000008bd00000, 0x000000008bd00000|100%| E|CS|TAMS 0x000000008bc00000| PB 0x000000008bc00000| Complete |  0
| 113|0x000000008bd00000, 0x000000008be00000, 0x000000008be00000|100%| E|CS|TAMS 0x000000008bd00000| PB 0x000000008bd00000| Complete |  0
| 114|0x000000008be00000, 0x000000008bf00000, 0x000000008bf00000|100%| E|CS|TAMS 0x000000008be00000| PB 0x000000008be00000| Complete |  0
| 115|0x000000008bf00000, 0x000000008c000000, 0x000000008c000000|100%| E|CS|TAMS 0x000000008bf00000| PB 0x000000008bf00000| Complete |  0
| 116|0x000000008c000000, 0x000000008c100000, 0x000000008c100000|100%| E|CS|TAMS 0x000000008c000000| PB 0x000000008c000000| Complete |  0
| 117|0x000000008c100000, 0x000000008c200000, 0x000000008c200000|100%| E|CS|TAMS 0x000000008c100000| PB 0x000000008c100000| Complete |  0
| 118|0x000000008c200000, 0x000000008c300000, 0x000000008c300000|100%| E|CS|TAMS 0x000000008c200000| PB 0x000000008c200000| Complete |  0
| 119|0x000000008c300000, 0x000000008c400000, 0x000000008c400000|100%| E|CS|TAMS 0x000000008c300000| PB 0x000000008c300000| Complete |  0
| 120|0x000000008c400000, 0x000000008c500000, 0x000000008c500000|100%| E|CS|TAMS 0x000000008c400000| PB 0x000000008c400000| Complete |  0
| 121|0x000000008c500000, 0x000000008c600000, 0x000000008c600000|100%| E|CS|TAMS 0x000000008c500000| PB 0x000000008c500000| Complete |  0
| 122|0x000000008c600000, 0x000000008c700000, 0x000000008c700000|100%| E|CS|TAMS 0x000000008c600000| PB 0x000000008c600000| Complete |  0
| 123|0x000000008c700000, 0x000000008c800000, 0x000000008c800000|100%| E|CS|TAMS 0x000000008c700000| PB 0x000000008c700000| Complete |  0

Card table byte_map: [0x00000263e4b20000,0x00000263e4f00000] _byte_map_base: 0x00000263e46fa000

Marking Bits: (CMBitMap*) 0x00000263cd11cfe0
 Bits: [0x00000263e4f00000, 0x00000263e6dd0000)

Polling page: 0x00000263cb080000

Metaspace:

Usage:
  Non-class:      5.03 MB used.
      Class:    639.00 KB used.
       Both:      5.65 MB used.

Virtual space:
  Non-class space:       64.00 MB reserved,       5.12 MB (  8%) committed,  1 nodes.
      Class space:        1.00 GB reserved,     768.00 KB ( <1%) committed,  1 nodes.
             Both:        1.06 GB reserved,       5.88 MB ( <1%) committed. 

Chunk freelists:
   Non-Class:  9.40 MB
       Class:  15.11 MB
        Both:  24.51 MB

MaxMetaspaceSize: unlimited
CompressedClassSpaceSize: 1.00 GB
Initial GC threshold: 21.00 MB
Current GC threshold: 21.00 MB
CDS: on
 - commit_granule_bytes: 65536.
 - commit_granule_words: 8192.
 - virtual_space_node_default_size: 8388608.
 - enlarge_chunks_in_place: 1.
 - use_allocation_guard: 0.


Internal statistics:

num_allocs_failed_limit: 0.
num_arena_births: 124.
num_arena_deaths: 0.
num_vsnodes_births: 2.
num_vsnodes_deaths: 0.
num_space_committed: 94.
num_space_uncommitted: 0.
num_chunks_returned_to_freelist: 0.
num_chunks_taken_from_freelist: 275.
num_chunk_merges: 0.
num_chunk_splits: 182.
num_chunks_enlarged: 127.
num_inconsistent_stats: 0.

CodeHeap 'non-profiled nmethods': size=120000Kb used=267Kb max_used=267Kb free=119732Kb
 bounds [0x00000263dcee0000, 0x00000263dd150000, 0x00000263e4410000]
CodeHeap 'profiled nmethods': size=120000Kb used=1466Kb max_used=1466Kb free=118533Kb
 bounds [0x00000263d5410000, 0x00000263d5680000, 0x00000263dc940000]
CodeHeap 'non-nmethods': size=5760Kb used=1538Kb max_used=1547Kb free=4221Kb
 bounds [0x00000263dc940000, 0x00000263dcbb0000, 0x00000263dcee0000]
 total_blobs=1382 nmethods=890 adapters=397
 compilation: enabled
              stopped_count=0, restarted_count=0
 full_count=0

Compilation events (20 events):
Event: 0.653 Thread 0x00000263e981d620 nmethod 878 0x00000263dcf20690 code [0x00000263dcf20820, 0x00000263dcf208f0]
Event: 0.659 Thread 0x00000263e9817160 nmethod 879 0x00000263dcf20990 code [0x00000263dcf20b60, 0x00000263dcf212a8]
Event: 0.660 Thread 0x00000263e981d620  880       3       sun.security.provider.SHA::implCompress (13 bytes)
Event: 0.661 Thread 0x00000263e981d620 nmethod 880 0x00000263d557c710 code [0x00000263d557c900, 0x00000263d557cd38]
Event: 0.661 Thread 0x00000263e981d620  881       3       sun.security.provider.SHA::implCompressCheck (18 bytes)
Event: 0.661 Thread 0x00000263e981d620 nmethod 881 0x00000263d557cf10 code [0x00000263d557d0e0, 0x00000263d557d470]
Event: 0.665 Thread 0x00000263e9817160  884       4       java.lang.StringLatin1::toUpperCase (219 bytes)
Event: 0.665 Thread 0x00000263e981d620  885       3       java.lang.Integer::rotateRight (9 bytes)
Event: 0.665 Thread 0x00000263e981d620 nmethod 885 0x00000263d557d610 code [0x00000263d557d7a0, 0x00000263d557d8a0]
Event: 0.673 Thread 0x00000263e981d620  887       3       java.util.HashSet::add (20 bytes)
Event: 0.673 Thread 0x00000263e981d620 nmethod 887 0x00000263d557d910 code [0x00000263d557dac0, 0x00000263d557dcf8]
Event: 0.674 Thread 0x00000263e9817160 nmethod 884 0x00000263dcf21c90 code [0x00000263dcf21e60, 0x00000263dcf22668]
Event: 0.674 Thread 0x00000263e9817160  886       4       java.lang.Integer::rotateRight (9 bytes)
Event: 0.674 Thread 0x00000263e9817160 nmethod 886 0x00000263dcf22a90 code [0x00000263dcf22c00, 0x00000263dcf22c70]
Event: 0.675 Thread 0x00000263e981d620  888       3       java.util.Arrays::fill (21 bytes)
Event: 0.675 Thread 0x00000263e981d620 nmethod 888 0x00000263d557dd90 code [0x00000263d557df20, 0x00000263d557e0b8]
Event: 0.675 Thread 0x00000263e981d620  889       3       jdk.internal.misc.VM::isModuleSystemInited (13 bytes)
Event: 0.676 Thread 0x00000263e981d620 nmethod 889 0x00000263d557e190 code [0x00000263d557e320, 0x00000263d557e470]
Event: 0.677 Thread 0x00000263e981d620  890       3       java.util.concurrent.ConcurrentHashMap$ValueIterator::next (34 bytes)
Event: 0.677 Thread 0x00000263e981d620 nmethod 890 0x00000263d557e510 code [0x00000263d557e6e0, 0x00000263d557e948]

GC Heap History (0 events):
No events

Dll operation events (9 events):
Event: 0.010 Loaded shared library C:\Program Files\Java\jdk-22\bin\java.dll
Event: 0.054 Loaded shared library C:\Program Files\Java\jdk-22\bin\jsvml.dll
Event: 0.070 Loaded shared library C:\Program Files\Java\jdk-22\bin\net.dll
Event: 0.098 Loaded shared library C:\Program Files\Java\jdk-22\bin\nio.dll
Event: 0.121 Loaded shared library C:\Program Files\Java\jdk-22\bin\zip.dll
Event: 0.202 Loaded shared library C:\Program Files\Java\jdk-22\bin\jimage.dll
Event: 0.261 Loaded shared library C:\Program Files\Java\jdk-22\bin\verify.dll
Event: 0.526 Loaded shared library C:\Program Files\Java\jdk-22\bin\sunmscapi.dll
Event: 0.672 Loaded shared library C:\Program Files\Java\jdk-22\bin\extnet.dll

Deoptimization events (20 events):
Event: 0.114 Thread 0x00000263cd0c18b0 DEOPT PACKING pc=0x00000263d5428649 sp=0x00000078c26fe970
Event: 0.114 Thread 0x00000263cd0c18b0 DEOPT UNPACKING pc=0x00000263dc9988e2 sp=0x00000078c26fdde0 mode 0
Event: 0.114 Thread 0x00000263cd0c18b0 DEOPT PACKING pc=0x00000263d5428649 sp=0x00000078c26fe970
Event: 0.114 Thread 0x00000263cd0c18b0 DEOPT UNPACKING pc=0x00000263dc9988e2 sp=0x00000078c26fdde0 mode 0
Event: 0.114 Thread 0x00000263cd0c18b0 DEOPT PACKING pc=0x00000263d5428649 sp=0x00000078c26fe970
Event: 0.114 Thread 0x00000263cd0c18b0 DEOPT UNPACKING pc=0x00000263dc9988e2 sp=0x00000078c26fdde0 mode 0
Event: 0.114 Thread 0x00000263cd0c18b0 DEOPT PACKING pc=0x00000263d5428649 sp=0x00000078c26fe970
Event: 0.114 Thread 0x00000263cd0c18b0 DEOPT UNPACKING pc=0x00000263dc9988e2 sp=0x00000078c26fdde0 mode 0
Event: 0.173 Thread 0x00000263cd0c18b0 Uncommon trap: trap_request=0xffffff45 fr.pc=0x00000263dceec274 relative=0x00000000000002b4
Event: 0.173 Thread 0x00000263cd0c18b0 Uncommon trap: reason=unstable_if action=reinterpret pc=0x00000263dceec274 method=java.lang.StringLatin1.hashCode([B)I @ 2 c2
Event: 0.173 Thread 0x00000263cd0c18b0 DEOPT PACKING pc=0x00000263dceec274 sp=0x00000078c26fb2e0
Event: 0.173 Thread 0x00000263cd0c18b0 DEOPT UNPACKING pc=0x00000263dc997da2 sp=0x00000078c26fb218 mode 2
Event: 0.226 Thread 0x00000263cd0c18b0 DEOPT PACKING pc=0x00000263d5434c7c sp=0x00000078c26fdaa0
Event: 0.226 Thread 0x00000263cd0c18b0 DEOPT UNPACKING pc=0x00000263dc9988e2 sp=0x00000078c26fcec0 mode 0
Event: 0.248 Thread 0x00000263cd0c18b0 DEOPT PACKING pc=0x00000263d5424ccc sp=0x00000078c26fdbf0
Event: 0.248 Thread 0x00000263cd0c18b0 DEOPT UNPACKING pc=0x00000263dc9988e2 sp=0x00000078c26fd058 mode 0
Event: 0.476 Thread 0x00000263cd0c18b0 Uncommon trap: trap_request=0xffffff45 fr.pc=0x00000263dcf113cc relative=0x000000000000020c
Event: 0.476 Thread 0x00000263cd0c18b0 Uncommon trap: reason=unstable_if action=reinterpret pc=0x00000263dcf113cc method=java.lang.String.startsWith(Ljava/lang/String;I)Z @ 1 c2
Event: 0.476 Thread 0x00000263cd0c18b0 DEOPT PACKING pc=0x00000263dcf113cc sp=0x00000078c26fd280
Event: 0.476 Thread 0x00000263cd0c18b0 DEOPT UNPACKING pc=0x00000263dc997da2 sp=0x00000078c26fd228 mode 2

Classes loaded (20 events):
Event: 0.673 Loading class java/nio/channels/SocketChannel
Event: 0.673 Loading class java/nio/channels/SocketChannel done
Event: 0.673 Loading class sun/nio/ch/SocketChannelImpl
Event: 0.674 Loading class sun/nio/ch/SocketChannelImpl done
Event: 0.675 Loading class jdk/internal/event/SocketWriteEvent
Event: 0.675 Loading class jdk/internal/event/SocketWriteEvent done
Event: 0.675 Loading class sun/nio/ch/Util$BufferCache
Event: 0.675 Loading class sun/nio/ch/Util$BufferCache done
Event: 0.676 Loading class jdk/internal/event/SocketReadEvent
Event: 0.676 Loading class jdk/internal/event/SocketReadEvent done
Event: 0.676 Loading class java/nio/BufferMismatch
Event: 0.676 Loading class java/nio/BufferMismatch done
Event: 0.676 Loading class sun/nio/ch/SourceChannelImpl
Event: 0.676 Loading class java/nio/channels/Pipe$SourceChannel
Event: 0.676 Loading class java/nio/channels/Pipe$SourceChannel done
Event: 0.676 Loading class sun/nio/ch/SourceChannelImpl done
Event: 0.676 Loading class sun/nio/ch/SinkChannelImpl
Event: 0.677 Loading class java/nio/channels/Pipe$SinkChannel
Event: 0.677 Loading class java/nio/channels/Pipe$SinkChannel done
Event: 0.677 Loading class sun/nio/ch/SinkChannelImpl done

Classes unloaded (0 events):
No events

Classes redefined (0 events):
No events

Internal exceptions (13 events):
Event: 0.154 Thread 0x00000263cd0c18b0 Exception <a 'java/lang/NoClassDefFoundError'{0x000000008c5fa850}: com/google/common/flogger/backend/android/AndroidPlatform> (0x000000008c5fa850) 
thrown [s\open\src\hotspot\share\classfile\systemDictionary.cpp, line 302]
Event: 0.210 Thread 0x00000263cd0c18b0 Exception <a 'java/lang/NoClassDefFoundError'{0x000000008c325660}: org/slf4j/LoggerFactory> (0x000000008c325660) 
thrown [s\open\src\hotspot\share\classfile\systemDictionary.cpp, line 302]
Event: 0.211 Thread 0x00000263cd0c18b0 Exception <a 'java/lang/NoClassDefFoundError'{0x000000008c325660}> (0x000000008c325660) 
thrown [s\open\src\hotspot\share\oops\instanceKlass.cpp, line 1247]
Event: 0.211 Thread 0x00000263cd0c18b0 Exception <a 'java/lang/NoClassDefFoundError'{0x000000008c32c538}: org/apache/logging/log4j/spi/ExtendedLoggerWrapper> (0x000000008c32c538) 
thrown [s\open\src\hotspot\share\classfile\systemDictionary.cpp, line 302]
Event: 0.269 Thread 0x00000263cd0c18b0 Exception <a 'java/lang/NoSuchMethodError'{0x000000008c28d768}: 'int java.lang.invoke.DirectMethodHandle$Holder.invokeSpecial(java.lang.Object, java.lang.Object, java.lang.Object)'> (0x000000008c28d768) 
thrown [s\open\src\hotspot\share\interpreter\linkResolver.cpp, line 774]
Event: 0.270 Thread 0x00000263cd0c18b0 Exception <a 'java/lang/NoSuchMethodError'{0x000000008c297ff0}: 'void java.lang.invoke.DelegatingMethodHandle$Holder.reinvoke_L(java.lang.Object, java.lang.Object, int)'> (0x000000008c297ff0) 
thrown [s\open\src\hotspot\share\interpreter\linkResolver.cpp, line 774]
Event: 0.270 Thread 0x00000263cd0c18b0 Exception <a 'java/lang/NoSuchMethodError'{0x000000008c29e920}: 'int java.lang.invoke.Invokers$Holder.invokeExact_MT(java.lang.Object, java.lang.Object, java.lang.Object)'> (0x000000008c29e920) 
thrown [s\open\src\hotspot\share\interpreter\linkResolver.cpp, line 774]
Event: 0.286 Thread 0x00000263cd0c18b0 Exception <a 'java/lang/NoSuchMethodError'{0x000000008c11ddb0}: 'void java.lang.invoke.Invokers$Holder.invokeExact_MT(java.lang.Object, java.lang.Object, java.lang.Object, java.lang.Object)'> (0x000000008c11ddb0) 
thrown [s\open\src\hotspot\share\interpreter\linkResolver.cpp, line 774]
Event: 0.395 Thread 0x00000263cd0c18b0 Exception <a 'java/lang/NoSuchMethodError'{0x000000008bede280}: 'void java.lang.invoke.DirectMethodHandle$Holder.invokeStatic(java.lang.Object, java.lang.Object, java.lang.Object, java.lang.Object)'> (0x000000008bede280) 
thrown [s\open\src\hotspot\share\interpreter\linkResolver.cpp, line 774]
Event: 0.396 Thread 0x00000263cd0c18b0 Exception <a 'java/lang/NoSuchMethodError'{0x000000008bee1828}: 'void java.lang.invoke.DirectMethodHandle$Holder.invokeStaticInit(java.lang.Object, java.lang.Object, java.lang.Object, java.lang.Object)'> (0x000000008bee1828) 
thrown [s\open\src\hotspot\share\interpreter\linkResolver.cpp, line 774]
Event: 0.412 Thread 0x00000263cd0c18b0 Exception <a 'java/lang/NoSuchMethodError'{0x000000008bd45cb8}: 'void java.lang.invoke.DirectMethodHandle$Holder.invokeSpecial(java.lang.Object, java.lang.Object, java.lang.Object)'> (0x000000008bd45cb8) 
thrown [s\open\src\hotspot\share\interpreter\linkResolver.cpp, line 774]
Event: 0.499 Thread 0x00000263cd0c18b0 Exception <a 'java/lang/NoSuchMethodError'{0x000000008bb4b0c0}: 'java.lang.Object java.lang.invoke.DirectMethodHandle$Holder.invokeStaticInit(java.lang.Object, int, int, int, int)'> (0x000000008bb4b0c0) 
thrown [s\open\src\hotspot\share\interpreter\linkResolver.cpp, line 774]
Event: 0.663 Thread 0x00000263cd0c18b0 Exception <a 'java/lang/NoSuchMethodError'{0x000000008bac9398}: 'java.lang.Object java.lang.invoke.DirectMethodHandle$Holder.invokeStaticInit(java.lang.Object, java.lang.Object, int, int, int, int)'> (0x000000008bac9398) 
thrown [s\open\src\hotspot\share\interpreter\linkResolver.cpp, line 774]

ZGC Phase Switch (0 events):
No events

VM Operations (6 events):
Event: 0.122 Executing VM operation: HandshakeAllThreads (Deoptimize)
Event: 0.122 Executing VM operation: HandshakeAllThreads (Deoptimize) done
Event: 0.298 Executing VM operation: HandshakeAllThreads (Deoptimize)
Event: 0.298 Executing VM operation: HandshakeAllThreads (Deoptimize) done
Event: 0.472 Executing VM operation: HandshakeAllThreads (Deoptimize)
Event: 0.472 Executing VM operation: HandshakeAllThreads (Deoptimize) done

Memory protections (0 events):
No events

Nmethod flushes (0 events):
No events

Events (11 events):
Event: 0.029 Thread 0x00000263cd0c18b0 Thread added: 0x00000263cd0c18b0
Event: 0.050 Thread 0x00000263cd0c18b0 Thread added: 0x00000263e9801830
Event: 0.050 Thread 0x00000263cd0c18b0 Thread added: 0x00000263e9802640
Event: 0.051 Thread 0x00000263cd0c18b0 Thread added: 0x00000263e98092b0
Event: 0.051 Thread 0x00000263cd0c18b0 Thread added: 0x00000263e9809e00
Event: 0.051 Thread 0x00000263cd0c18b0 Thread added: 0x00000263e980af60
Event: 0.051 Thread 0x00000263cd0c18b0 Thread added: 0x00000263e980bab0
Event: 0.051 Thread 0x00000263cd0c18b0 Thread added: 0x00000263e9817160
Event: 0.051 Thread 0x00000263cd0c18b0 Thread added: 0x00000263e981d620
Event: 0.064 Thread 0x00000263cd0c18b0 Thread added: 0x00000263c5283580
Event: 0.066 Thread 0x00000263cd0c18b0 Thread added: 0x00000263c528a870


Dynamic libraries:
0x00007ff7aca20000 - 0x00007ff7aca30000 	C:\Program Files\Java\jdk-22\bin\java.exe
0x00007ff9f2bd0000 - 0x00007ff9f2de7000 	C:\WINDOWS\SYSTEM32\ntdll.dll
0x00007ff9f2450000 - 0x00007ff9f2514000 	C:\WINDOWS\System32\KERNEL32.DLL
0x00007ff9f0350000 - 0x00007ff9f06fd000 	C:\WINDOWS\System32\KERNELBASE.dll
0x00007ff9f0230000 - 0x00007ff9f0341000 	C:\WINDOWS\System32\ucrtbase.dll
0x00007ff9e8d80000 - 0x00007ff9e8d9b000 	C:\Program Files\Java\jdk-22\bin\VCRUNTIME140.dll
0x00007ff9d9380000 - 0x00007ff9d9397000 	C:\Program Files\Java\jdk-22\bin\jli.dll
0x00007ff9f2730000 - 0x00007ff9f28de000 	C:\WINDOWS\System32\USER32.dll
0x00007ff9d58b0000 - 0x00007ff9d5b43000 	C:\WINDOWS\WinSxS\amd64_microsoft.windows.common-controls_6595b64144ccf1df_6.0.22621.3672_none_2713b9d173822955\COMCTL32.dll
0x00007ff9f0860000 - 0x00007ff9f0886000 	C:\WINDOWS\System32\win32u.dll
0x00007ff9f2520000 - 0x00007ff9f25c7000 	C:\WINDOWS\System32\msvcrt.dll
0x00007ff9f2b40000 - 0x00007ff9f2b69000 	C:\WINDOWS\System32\GDI32.dll
0x00007ff9f0070000 - 0x00007ff9f0189000 	C:\WINDOWS\System32\gdi32full.dll
0x00007ff9f0190000 - 0x00007ff9f022a000 	C:\WINDOWS\System32\msvcp_win.dll
0x00007ff9f25d0000 - 0x00007ff9f2601000 	C:\WINDOWS\System32\IMM32.DLL
0x00007ff9e8d70000 - 0x00007ff9e8d7c000 	C:\Program Files\Java\jdk-22\bin\vcruntime140_1.dll
0x00007ff9d6fe0000 - 0x00007ff9d706e000 	C:\Program Files\Java\jdk-22\bin\msvcp140.dll
0x00007ff93c070000 - 0x00007ff93cdb9000 	C:\Program Files\Java\jdk-22\bin\server\jvm.dll
0x00007ff9f1a90000 - 0x00007ff9f1b42000 	C:\WINDOWS\System32\ADVAPI32.dll
0x00007ff9f1020000 - 0x00007ff9f10c9000 	C:\WINDOWS\System32\sechost.dll
0x00007ff9f07c0000 - 0x00007ff9f07e8000 	C:\WINDOWS\System32\bcrypt.dll
0x00007ff9f2610000 - 0x00007ff9f2724000 	C:\WINDOWS\System32\RPCRT4.dll
0x00007ff9f2900000 - 0x00007ff9f2971000 	C:\WINDOWS\System32\WS2_32.dll
0x00007ff9efb60000 - 0x00007ff9efbad000 	C:\WINDOWS\SYSTEM32\POWRPROF.dll
0x00007ff9eb310000 - 0x00007ff9eb344000 	C:\WINDOWS\SYSTEM32\WINMM.dll
0x00007ff9eab10000 - 0x00007ff9eab1a000 	C:\WINDOWS\SYSTEM32\VERSION.dll
0x00007ff9ef9a0000 - 0x00007ff9ef9b3000 	C:\WINDOWS\SYSTEM32\UMPDC.dll
0x00007ff9eeef0000 - 0x00007ff9eef08000 	C:\WINDOWS\SYSTEM32\kernel.appcore.dll
0x00007ff9db2a0000 - 0x00007ff9db2aa000 	C:\Program Files\Java\jdk-22\bin\jimage.dll
0x00007ff9ed6e0000 - 0x00007ff9ed912000 	C:\WINDOWS\SYSTEM32\DBGHELP.DLL
0x00007ff9f0c30000 - 0x00007ff9f0fb8000 	C:\WINDOWS\System32\combase.dll
0x00007ff9f21c0000 - 0x00007ff9f2297000 	C:\WINDOWS\System32\OLEAUT32.dll
0x00007ff9d25a0000 - 0x00007ff9d25d2000 	C:\WINDOWS\SYSTEM32\dbgcore.DLL
0x00007ff9f0890000 - 0x00007ff9f090b000 	C:\WINDOWS\System32\bcryptPrimitives.dll
0x00007ff9d9260000 - 0x00007ff9d927e000 	C:\Program Files\Java\jdk-22\bin\java.dll
0x00007ff9f1230000 - 0x00007ff9f1a8f000 	C:\WINDOWS\System32\SHELL32.dll
0x00007ff9f22a0000 - 0x00007ff9f2445000 	C:\WINDOWS\System32\ole32.dll
0x00007ff9ede00000 - 0x00007ff9ee6fc000 	C:\WINDOWS\SYSTEM32\windows.storage.dll
0x00007ff9edcc0000 - 0x00007ff9eddff000 	C:\WINDOWS\SYSTEM32\wintypes.dll
0x00007ff9f0910000 - 0x00007ff9f0a04000 	C:\WINDOWS\System32\SHCORE.dll
0x00007ff9f0b20000 - 0x00007ff9f0b7e000 	C:\WINDOWS\System32\shlwapi.dll
0x00007ff9efe30000 - 0x00007ff9efe51000 	C:\WINDOWS\SYSTEM32\profapi.dll
0x00007ff9c5ec0000 - 0x00007ff9c5f97000 	C:\Program Files\Java\jdk-22\bin\jsvml.dll
0x00007ff9d9370000 - 0x00007ff9d9380000 	C:\Program Files\Java\jdk-22\bin\net.dll
0x0000000180000000 - 0x000000018008b000 	C:\WINDOWS\system32\EasyRedirect64.dll
0x00007ff9ee9a0000 - 0x00007ff9ee9cd000 	C:\WINDOWS\SYSTEM32\IPHLPAPI.DLL
0x00007ff9ef360000 - 0x00007ff9ef3c9000 	C:\WINDOWS\SYSTEM32\MSWSOCK.dll
0x00007ff9ef160000 - 0x00007ff9ef1a3000 	C:\WINDOWS\SYSTEM32\SspiCli.dll
0x00007ff9ecea0000 - 0x00007ff9ecf4f000 	C:\WINDOWS\system32\uxtheme.dll
0x00007ff9f2110000 - 0x00007ff9f21c0000 	C:\WINDOWS\System32\clbcatq.dll
0x00007ff9efd60000 - 0x00007ff9efe03000 	C:\WINDOWS\SYSTEM32\sxs.dll
0x00007ff9d8e90000 - 0x00007ff9d8ea6000 	C:\Program Files\Java\jdk-22\bin\nio.dll
0x00007ff9d8150000 - 0x00007ff9d8167000 	C:\Program Files\Java\jdk-22\bin\zip.dll
0x00007ff9d8e40000 - 0x00007ff9d8e50000 	C:\Program Files\Java\jdk-22\bin\verify.dll
0x00007ff9d8140000 - 0x00007ff9d814e000 	C:\Program Files\Java\jdk-22\bin\sunmscapi.dll
0x00007ff9eff00000 - 0x00007ff9f0067000 	C:\WINDOWS\System32\CRYPT32.dll
0x00007ff9ef830000 - 0x00007ff9ef85e000 	C:\WINDOWS\SYSTEM32\ncrypt.dll
0x00007ff9ef7f0000 - 0x00007ff9ef827000 	C:\WINDOWS\SYSTEM32\NTASN1.dll
0x00007ff9d8130000 - 0x00007ff9d8138000 	C:\WINDOWS\system32\wshunix.dll
0x00007ff9ef5e0000 - 0x00007ff9ef5fb000 	C:\WINDOWS\SYSTEM32\CRYPTSP.dll
0x00007ff9eee50000 - 0x00007ff9eee85000 	C:\WINDOWS\system32\rsaenh.dll
0x00007ff9ef440000 - 0x00007ff9ef468000 	C:\WINDOWS\SYSTEM32\USERENV.dll
0x00007ff9ef600000 - 0x00007ff9ef60c000 	C:\WINDOWS\SYSTEM32\CRYPTBASE.dll
0x00007ff9f0b90000 - 0x00007ff9f0b99000 	C:\WINDOWS\System32\NSI.dll
0x00007ff9d80f0000 - 0x00007ff9d80f9000 	C:\Program Files\Java\jdk-22\bin\extnet.dll

dbghelp: loaded successfully - version: 4.0.5 - missing functions: none
symbol engine: initialized successfully - sym options: 0x614 - pdb path: .;C:\Program Files\Java\jdk-22\bin;C:\WINDOWS\SYSTEM32;C:\WINDOWS\WinSxS\amd64_microsoft.windows.common-controls_6595b64144ccf1df_6.0.22621.3672_none_2713b9d173822955;C:\Program Files\Java\jdk-22\bin\server

VM Arguments:
jvm_args: -Dgoogle.cloud_firestore.debug_log_level=FINE -Duser.language=en 
java_command: C:\Users\user\.cache\firebase\emulators\cloud-firestore-emulator-v1.19.7.jar --host 127.0.0.1 --port 8080 --websocket_port 9150 --project_id react-emulator-spa --rules C:\Users\user\OneDrive\Desktop\task\my-notification-app\firestore.rules --single_project_mode true
java_class_path (initial): C:\Users\user\.cache\firebase\emulators\cloud-firestore-emulator-v1.19.7.jar
Launcher Type: SUN_STANDARD

[Global flags]
     intx CICompilerCount                          = 4                                         {product} {ergonomic}
     uint ConcGCThreads                            = 2                                         {product} {ergonomic}
     uint G1ConcRefinementThreads                  = 8                                         {product} {ergonomic}
   size_t G1HeapRegionSize                         = 1048576                                   {product} {ergonomic}
   size_t InitialHeapSize                          = 130023424                                 {product} {ergonomic}
   size_t MarkStackSize                            = 4194304                                   {product} {ergonomic}
   size_t MaxHeapSize                              = 2067791872                                {product} {ergonomic}
   size_t MaxNewSize                               = 1240465408                                {product} {ergonomic}
   size_t MinHeapDeltaBytes                        = 1048576                                   {product} {ergonomic}
   size_t MinHeapSize                              = 8388608                                   {product} {ergonomic}
    uintx NonNMethodCodeHeapSize                   = 5839372                                {pd product} {ergonomic}
    uintx NonProfiledCodeHeapSize                  = 122909434                              {pd product} {ergonomic}
    uintx ProfiledCodeHeapSize                     = 122909434                              {pd product} {ergonomic}
    uintx ReservedCodeCacheSize                    = 251658240                              {pd product} {ergonomic}
     bool SegmentedCodeCache                       = true                                      {product} {ergonomic}
   size_t SoftMaxHeapSize                          = 2067791872                             {manageable} {ergonomic}
     bool UseCompressedOops                        = true                           {product lp64_product} {ergonomic}
     bool UseG1GC                                  = true                                      {product} {ergonomic}
     bool UseLargePagesIndividualAllocation        = false                                  {pd product} {ergonomic}

Logging:
Log output configuration:
 #0: stdout all=warning uptime,level,tags foldmultilines=false
 #1: stderr all=off uptime,level,tags foldmultilines=false

Environment Variables:
JAVA_HOME=C:\Program Files\Java\jdk-1.8
PATH=C:\Program Files\Common Files\Oracle\Java\javapath;C:\Users\user\AppData\Local\Programs\Python\Python312\Scripts\;C:\Users\user\AppData\Local\Programs\Python\Python312\;C:\Program Files\Java\jdk-1.8\bin;C:\flutter\bin;C:\Windows\System32;C:\Windows\System32\WindowsPowerShell\v1.0;C:\Program Files\Docker\Docker\resources\bin;C:\Program Files\PuTTY\;C:\protoc-24.3-win64\bin;C:\Program Files\Amazon\AWSCLIV2\;C:\ProgramData\miniconda3\condabin;C:\Users\user\AppData\Local\Pub\Cache\bin;C:\Program Files (x86)\Microsoft SQL Server\160\Tools\Binn\;C:\Program Files\Microsoft SQL Server\160\Tools\Binn\;C:\Program Files\Microsoft SQL Server\Client SDK\ODBC\170\Tools\Binn\;C:\Program Files\Microsoft SQL Server\160\DTS\Binn\;C:\Program Files (x86)\Microsoft SQL Server\150\DTS\Binn\;C:\Program Files\Azure Data Studio\bin;C:\Program Files (x86)\Windows Kits\10\Windows Performance Toolkit\;npm config set python C:\Users\user\AppData\Local\Programs\Python\Python311\python.exe;C:\ProgramData\chocolatey\bin;C:\Program Files\Git\cmd;%NVM_HOME%;%NVM_SYMLINK%;C:\Users\user\.cargo\bin;C:\Users\user\AppData\Local\Programs\Python\Python311\Scripts\;C:\Users\user\AppData\Local\Programs\Python\Python311\;C:\Users\user\AppData\Local\Programs\Python\Python312\Scripts\;C:\Users\user\AppData\Local\Programs\Python\Python312\;C:\flutter\bin:C:\Windows\System32:C:\Program Files\Java\jdk-1.8\bin:C:\Windows\System32\WindowsPowerShell\v1.0:C:\Program Files\Git\bin;C:\protoc-24.3-win64\bin;C:\flutter\bin;C:\ProgramData\miniconda3\condabin;C:\Users\user\AppData\Local\Pub\Cache\bin;C:\Program Files\Azure Data Studio\bin;C:\Users\user\AppData\Local\Programs\Python\Python311\Lib\site-packages\win32\pythonservice.exe;npm config set python C:\Users\user\AppData\Local\Programs\Python\Python311\python.exe;C:\Program Files (x86)\BrowserStackLocal\;C:\Users\user\AppData\Local\Programs\Microsoft VS Code\bin;C:\Users\user\AppData\Roaming\nvm;C:\Program Files\nodejs
USERNAME=user
OS=Windows_NT
PROCESSOR_IDENTIFIER=Intel64 Family 6 Model 140 Stepping 1, GenuineIntel
TMP=C:\Users\user\AppData\Local\Temp
TEMP=C:\Users\user\AppData\Local\Temp




Periodic native trim disabled

---------------  S Y S T E M  ---------------

OS:
 Windows 11 , 64 bit Build 22621 (10.0.22621.3672)
OS uptime: 0 days 1:34 hours
Hyper-V role detected

CPU: total 8 (initial active 8) (4 cores per cpu, 2 threads per core) family 6 model 140 stepping 1 microcode 0x86, cx8, cmov, fxsr, ht, mmx, 3dnowpref, sse, sse2, sse3, ssse3, sse4.1, sse4.2, popcnt, lzcnt, tsc, tscinvbit, avx, avx2, aes, erms, clmul, bmi1, bmi2, adx, avx512f, avx512dq, avx512cd, avx512bw, avx512vl, sha, fma, vzeroupper, avx512_vpopcntdq, avx512_vpclmulqdq, avx512_vaes, avx512_vnni, clflush, clflushopt, clwb, avx512_vbmi2, avx512_vbmi, hv, rdtscp, rdpid, fsrm, gfni, avx512_bitalg, f16c, cet_ibt, cet_ss, avx512_ifma
Processor Information for all 8 processors :
  Max Mhz: 2419, Current Mhz: 2419, Mhz Limit: 2419

Memory: 4k page, system-wide physical 7886M (354M free)
TotalPageFile size 18895M (AvailPageFile size 2611M)
current process WorkingSet (physical memory assigned to process): 71M, peak: 71M
current process commit charge ("private bytes"): 216M, peak: 216M

vm_info: Java HotSpot(TM) 64-Bit Server VM (22.0.2+9-70) for windows-amd64 JRE (22.0.2+9-70), built on 2024-06-04T16:52:23Z by "mach5one" with MS VC++ 17.6 (VS2022)

END.
